<?xml version="1.0" encoding="UTF-8"?>
<testng-results skipped="0" failed="0" total="0" passed="0">
  <reporter-output>
  </reporter-output>
  <suite name="com.wallethub.walletAssignment.AppTest" duration-ms="4" started-at="2018-11-04T17:29:39Z" finished-at="2018-11-04T17:29:39Z">
    <groups>
    </groups>
    <test name="Command line test" duration-ms="4" started-at="2018-11-04T17:29:39Z" finished-at="2018-11-04T17:29:39Z">
    </test> <!-- Command line test -->
  </suite> <!-- com.wallethub.walletAssignment.AppTest -->
</testng-results>
